TN:
SF:/home/marc/Documents/Master2/OTI/TP2_moneyJs_sinon/src/calc.js
FN:1,calc
FN:5,(anonymous_2)
FN:12,(anonymous_3)
FN:38,doComputation
FNF:4
FNH:3
FNDA:9,calc
FNDA:3,(anonymous_2)
FNDA:8,(anonymous_3)
FNDA:0,doComputation
DA:1,1
DA:2,9
DA:5,1
DA:6,3
DA:7,3
DA:8,2
DA:12,1
DA:13,8
DA:15,8
DA:18,8
DA:20,8
DA:21,8
DA:22,3
DA:23,1
DA:25,5
DA:26,4
DA:27,1
DA:29,1
DA:33,5
DA:38,1
DA:39,0
DA:40,0
DA:41,0
LF:23
LH:20
BRDA:7,1,0,2
BRDA:7,1,1,1
BRDA:21,2,0,3
BRDA:21,2,1,5
BRDA:25,3,0,4
BRDA:25,3,1,1
BRF:6
BRH:6
end_of_record
TN:
SF:/home/marc/Documents/Master2/OTI/TP2_moneyJs_sinon/src/money.js
FN:1,(anonymous_1)
FN:2,money
FN:17,(anonymous_3)
FN:20,(anonymous_4)
FN:23,(anonymous_5)
FN:26,toString
FNF:6
FNH:6
FNDA:1,(anonymous_1)
FNDA:44,money
FNDA:29,(anonymous_3)
FNDA:21,(anonymous_4)
FNDA:9,(anonymous_5)
FNDA:2,toString
DA:1,1
DA:2,1
DA:3,44
DA:4,2
DA:6,42
DA:7,41
DA:8,2
DA:10,39
DA:13,40
DA:14,40
DA:17,1
DA:18,29
DA:20,1
DA:21,21
DA:23,1
DA:24,9
DA:26,1
DA:27,2
DA:31,1
LF:19
LH:19
BRDA:3,1,0,2
BRDA:3,1,1,42
BRDA:6,2,0,41
BRDA:6,2,1,1
BRDA:7,3,0,2
BRDA:7,3,1,39
BRDA:24,4,0,9
BRDA:24,4,1,8
BRF:8
BRH:8
end_of_record
TN:
SF:/home/marc/Documents/Master2/OTI/TP2_moneyJs_sinon/src/money_exc.js
FN:1,DevisesIncompatibleExc
FN:5,(anonymous_2)
FN:10,SubValueNegException
FN:14,(anonymous_4)
FN:19,DeviseCaracSupException
FN:23,(anonymous_6)
FN:27,ValueNegativeException
FN:31,(anonymous_8)
FNF:8
FNH:6
FNDA:5,DevisesIncompatibleExc
FNDA:3,(anonymous_2)
FNDA:3,SubValueNegException
FNDA:2,(anonymous_4)
FNDA:2,DeviseCaracSupException
FNDA:0,(anonymous_6)
FNDA:2,ValueNegativeException
FNDA:0,(anonymous_8)
DA:1,1
DA:2,5
DA:5,1
DA:6,3
DA:7,3
DA:10,1
DA:11,3
DA:14,1
DA:15,2
DA:16,2
DA:19,1
DA:20,2
DA:23,1
DA:24,0
DA:27,1
DA:28,2
DA:31,1
DA:32,0
LF:18
LH:16
BRF:0
BRH:0
end_of_record
TN:
SF:/home/marc/Documents/Master2/OTI/TP2_moneyJs_sinon/src/money_ops.js
FN:1,(anonymous_1)
FN:4,(anonymous_2)
FN:12,(anonymous_3)
FNF:3
FNH:2
FNDA:0,(anonymous_1)
FNDA:6,(anonymous_2)
FNDA:8,(anonymous_3)
DA:1,1
DA:4,1
DA:5,6
DA:6,3
DA:8,3
DA:12,1
DA:13,8
DA:14,6
DA:15,3
DA:17,3
DA:19,2
LF:11
LH:11
BRDA:5,1,0,3
BRDA:5,1,1,3
BRDA:13,2,0,6
BRDA:13,2,1,2
BRDA:14,3,0,3
BRDA:14,3,1,3
BRF:6
BRH:6
end_of_record
