TN:
SF:/home/marc/Documents/Master2/OTI/Projet_WebAvance/src/tab_exec.js
FN:1,ParametreInvalideExc
FN:5,(anonymous_2)
FNF:2
FNH:0
FNDA:0,ParametreInvalideExc
FNDA:0,(anonymous_2)
DA:1,1
DA:2,0
DA:5,1
DA:6,0
LF:4
LH:2
BRF:0
BRH:0
end_of_record
TN:
SF:/home/marc/Documents/Master2/OTI/Projet_WebAvance/src/tableau.js
FN:1,nombreAuHasard
FN:8,Tableau
FN:43,(anonymous_3)
FN:89,(anonymous_4)
FN:93,(anonymous_5)
FN:103,Cellule
FN:109,(anonymous_7)
FN:112,(anonymous_8)
FN:119,(anonymous_9)
FN:129,(anonymous_10)
FN:139,CelluleAvecEntier
FN:145,(anonymous_12)
FN:151,(anonymous_13)
FN:161,CelluleAvecPrompt
FN:167,(anonymous_15)
FN:172,(anonymous_16)
FN:184,CelluleColoree
FN:191,(anonymous_18)
FN:197,(anonymous_19)
FN:204,(anonymous_20)
FNF:20
FNH:13
FNDA:50,nombreAuHasard
FNDA:1,Tableau
FNDA:1,(anonymous_3)
FNDA:0,(anonymous_4)
FNDA:0,(anonymous_5)
FNDA:53,Cellule
FNDA:0,(anonymous_7)
FNDA:17,(anonymous_8)
FNDA:50,(anonymous_9)
FNDA:0,(anonymous_10)
FNDA:17,CelluleAvecEntier
FNDA:17,(anonymous_12)
FNDA:0,(anonymous_13)
FNDA:13,CelluleAvecPrompt
FNDA:13,(anonymous_15)
FNDA:0,(anonymous_16)
FNDA:20,CelluleColoree
FNDA:20,(anonymous_18)
FNDA:0,(anonymous_19)
FNDA:20,(anonymous_20)
DA:1,1
DA:2,50
DA:3,0
DA:5,50
DA:8,1
DA:9,1
DA:10,0
DA:12,1
DA:15,1
DA:16,0
DA:18,1
DA:21,1
DA:22,0
DA:24,1
DA:27,1
DA:28,0
DA:30,1
DA:33,1
DA:34,0
DA:36,1
DA:39,1
DA:43,1
DA:44,1
DA:45,1
DA:46,1
DA:47,5
DA:52,5
DA:53,5
DA:54,50
DA:55,50
DA:57,50
DA:58,17
DA:65,50
DA:66,13
DA:73,50
DA:74,20
DA:81,50
DA:84,1
DA:85,1
DA:86,1
DA:89,1
DA:90,0
DA:93,1
DA:94,0
DA:103,1
DA:104,53
DA:105,3
DA:107,50
DA:108,50
DA:109,50
DA:110,0
DA:112,50
DA:113,17
DA:115,50
DA:119,1
DA:120,50
DA:121,50
DA:122,50
DA:123,50
DA:124,50
DA:125,150
DA:126,50
DA:129,1
DA:139,1
DA:140,17
DA:143,1
DA:145,1
DA:146,17
DA:147,17
DA:148,17
DA:151,1
DA:152,0
DA:161,1
DA:162,13
DA:165,1
DA:167,1
DA:168,13
DA:169,13
DA:172,1
DA:173,0
DA:174,0
DA:175,0
DA:184,1
DA:185,20
DA:186,20
DA:189,1
DA:191,1
DA:192,20
DA:193,20
DA:194,20
DA:197,1
DA:198,0
DA:199,0
DA:200,0
DA:204,1
DA:205,20
DA:208,1
LF:97
LH:81
BRDA:2,1,0,0
BRDA:2,1,1,50
BRDA:9,2,0,0
BRDA:9,2,1,1
BRDA:15,3,0,0
BRDA:15,3,1,1
BRDA:21,4,0,0
BRDA:21,4,1,1
BRDA:27,5,0,0
BRDA:27,5,1,1
BRDA:33,6,0,0
BRDA:33,6,1,1
BRDA:57,7,0,17
BRDA:57,7,1,33
BRDA:65,8,0,13
BRDA:65,8,1,37
BRDA:73,9,0,20
BRDA:73,9,1,30
BRDA:104,10,0,3
BRDA:104,10,1,50
BRDA:174,11,0,0
BRDA:174,11,1,0
BRDA:198,12,0,0
BRDA:198,12,1,0
BRF:24
BRH:14
end_of_record
